# JRE version: OpenJDK Runtime Environment (11.0.11+9) (build 11.0.11+9-b60-7590822)
# Java VM: OpenJDK 64-Bit Server VM (11.0.11+9-b60-7590822, mixed mode, tiered, compressed oops, g1 gc, windows-amd64)
Heap:
 garbage-first heap   total 447488K, used 324608K [0x0000000080000000, 0x0000000100000000)
  region size 1024K, 73 young (74752K), 14 survivors (14336K)
 Metaspace       used 108149K, capacity 110882K, committed 111100K, reserved 1144832K
  class space    used 14111K, capacity 15181K, committed 15232K, reserved 1048576K
GC Heap History (20 events):
Event: 24.893 GC heap before
{Heap before GC invocations=41 (full 0):
 garbage-first heap   total 286720K, used 209763K [0x0000000080000000, 0x0000000100000000)
  region size 1024K, 23 young (23552K), 2 survivors (2048K)
 Metaspace       used 100254K, capacity 102488K, committed 102780K, reserved 1138688K
  class space    used 13133K, capacity 13994K, committed 14080K, reserved 1048576K
}
Event: 24.908 GC heap after
{Heap after GC invocations=42 (full 0):
 garbage-first heap   total 286720K, used 193023K [0x0000000080000000, 0x0000000100000000)
  region size 1024K, 3 young (3072K), 3 survivors (3072K)
 Metaspace       used 100254K, capacity 102488K, committed 102780K, reserved 1138688K
  class space    used 13133K, capacity 13994K, committed 14080K, reserved 1048576K
}
Event: 25.257 GC heap before
{Heap before GC invocations=42 (full 0):
 garbage-first heap   total 286720K, used 203263K [0x0000000080000000, 0x0000000100000000)
  region size 1024K, 14 young (14336K), 3 survivors (3072K)
 Metaspace       used 100810K, capacity 103133K, committed 103420K, reserved 1138688K
  class space    used 13229K, capacity 14125K, committed 14208K, reserved 1048576K
}
Event: 25.284 GC heap after
{Heap after GC invocations=43 (full 0):
 garbage-first heap   total 286720K, used 186944K [0x0000000080000000, 0x0000000100000000)
  region size 1024K, 1 young (1024K), 1 survivors (1024K)
 Metaspace       used 100810K, capacity 103133K, committed 103420K, reserved 1138688K
  class space    used 13229K, capacity 14125K, committed 14208K, reserved 1048576K
}
Event: 25.770 GC heap before
{Heap before GC invocations=43 (full 0):
 garbage-first heap   total 286720K, used 214592K [0x0000000080000000, 0x0000000100000000)
  region size 1024K, 28 young (28672K), 1 survivors (1024K)
 Metaspace       used 101110K, capacity 103551K, committed 103676K, reserved 1138688K
  class space    used 13271K, capacity 14197K, committed 14208K, reserved 1048576K
}
Event: 25.779 GC heap after
{Heap after GC invocations=44 (full 0):
 garbage-first heap   total 286720K, used 189953K [0x0000000080000000, 0x0000000100000000)
  region size 1024K, 4 young (4096K), 4 survivors (4096K)
 Metaspace       used 101110K, capacity 103551K, committed 103676K, reserved 1138688K
  class space    used 13271K, capacity 14197K, committed 14208K, reserved 1048576K
}
Event: 27.301 GC heap before
{Heap before GC invocations=45 (full 0):
 garbage-first heap   total 286720K, used 220673K [0x0000000080000000, 0x0000000100000000)
  region size 1024K, 32 young (32768K), 4 survivors (4096K)
 Metaspace       used 101367K, capacity 103809K, committed 104060K, reserved 1138688K
  class space    used 13291K, capacity 14234K, committed 14336K, reserved 1048576K
}
Event: 27.317 GC heap after
{Heap after GC invocations=46 (full 0):
 garbage-first heap   total 377856K, used 194447K [0x0000000080000000, 0x0000000100000000)
  region size 1024K, 3 young (3072K), 3 survivors (3072K)
 Metaspace       used 101367K, capacity 103809K, committed 104060K, reserved 1138688K
  class space    used 13291K, capacity 14234K, committed 14336K, reserved 1048576K
}
Event: 27.556 GC heap before
{Heap before GC invocations=46 (full 0):
 garbage-first heap   total 377856K, used 210831K [0x0000000080000000, 0x0000000100000000)
  region size 1024K, 18 young (18432K), 3 survivors (3072K)
 Metaspace       used 101372K, capacity 103809K, committed 104060K, reserved 1138688K
  class space    used 13291K, capacity 14234K, committed 14336K, reserved 1048576K
}
Event: 27.575 GC heap after
{Heap after GC invocations=47 (full 0):
 garbage-first heap   total 377856K, used 198024K [0x0000000080000000, 0x0000000100000000)
  region size 1024K, 3 young (3072K), 3 survivors (3072K)
 Metaspace       used 101372K, capacity 103809K, committed 104060K, reserved 1138688K
  class space    used 13291K, capacity 14234K, committed 14336K, reserved 1048576K
}
Event: 27.589 GC heap before
{Heap before GC invocations=47 (full 0):
 garbage-first heap   total 377856K, used 198024K [0x0000000080000000, 0x0000000100000000)
  region size 1024K, 4 young (4096K), 3 survivors (3072K)
 Metaspace       used 101372K, capacity 103809K, committed 104060K, reserved 1138688K
  class space    used 13291K, capacity 14234K, committed 14336K, reserved 1048576K
}
Event: 27.599 GC heap after
{Heap after GC invocations=48 (full 0):
 garbage-first heap   total 377856K, used 198389K [0x0000000080000000, 0x0000000100000000)
  region size 1024K, 3 young (3072K), 3 survivors (3072K)
 Metaspace       used 101372K, capacity 103809K, committed 104060K, reserved 1138688K
  class space    used 13291K, capacity 14234K, committed 14336K, reserved 1048576K
}
Event: 28.224 GC heap before
{Heap before GC invocations=49 (full 0):
 garbage-first heap   total 377856K, used 237301K [0x0000000080000000, 0x0000000100000000)
  region size 1024K, 41 young (41984K), 3 survivors (3072K)
 Metaspace       used 102171K, capacity 104568K, committed 104828K, reserved 1140736K
  class space    used 13375K, capacity 14314K, committed 14336K, reserved 1048576K
}
Event: 28.240 GC heap after
{Heap after GC invocations=50 (full 0):
 garbage-first heap   total 377856K, used 205025K [0x0000000080000000, 0x0000000100000000)
  region size 1024K, 8 young (8192K), 8 survivors (8192K)
 Metaspace       used 102171K, capacity 104568K, committed 104828K, reserved 1140736K
  class space    used 13375K, capacity 14314K, committed 14336K, reserved 1048576K
}
Event: 28.892 GC heap before
{Heap before GC invocations=51 (full 0):
 garbage-first heap   total 377856K, used 260321K [0x0000000080000000, 0x0000000100000000)
  region size 1024K, 61 young (62464K), 8 survivors (8192K)
 Metaspace       used 102929K, capacity 105386K, committed 105468K, reserved 1140736K
  class space    used 13472K, capacity 14392K, committed 14464K, reserved 1048576K
}
Event: 28.910 GC heap after
{Heap after GC invocations=52 (full 0):
 garbage-first heap   total 377856K, used 208868K [0x0000000080000000, 0x0000000100000000)
  region size 1024K, 3 young (3072K), 3 survivors (3072K)
 Metaspace       used 102929K, capacity 105386K, committed 105468K, reserved 1140736K
  class space    used 13472K, capacity 14392K, committed 14464K, reserved 1048576K
}
Event: 29.836 GC heap before
{Heap before GC invocations=53 (full 0):
 garbage-first heap   total 377856K, used 272356K [0x0000000080000000, 0x0000000100000000)
  region size 1024K, 59 young (60416K), 3 survivors (3072K)
 Metaspace       used 105587K, capacity 108104K, committed 108284K, reserved 1142784K
  class space    used 13766K, capacity 14716K, committed 14720K, reserved 1048576K
}
Event: 29.847 GC heap after
{Heap after GC invocations=54 (full 0):
 garbage-first heap   total 447488K, used 222781K [0x0000000080000000, 0x0000000100000000)
  region size 1024K, 9 young (9216K), 9 survivors (9216K)
 Metaspace       used 105587K, capacity 108104K, committed 108284K, reserved 1142784K
  class space    used 13766K, capacity 14716K, committed 14720K, reserved 1048576K
}
Event: 30.560 GC heap before
{Heap before GC invocations=55 (full 0):
 garbage-first heap   total 447488K, used 311869K [0x0000000080000000, 0x0000000100000000)
  region size 1024K, 89 young (91136K), 9 survivors (9216K)
 Metaspace       used 107083K, capacity 109677K, committed 109820K, reserved 1144832K
  class space    used 13941K, capacity 14947K, committed 14976K, reserved 1048576K
}
Event: 30.590 GC heap after
{Heap after GC invocations=56 (full 0):
 garbage-first heap   total 447488K, used 240640K [0x0000000080000000, 0x0000000100000000)
  region size 1024K, 14 young (14336K), 14 survivors (14336K)
 Metaspace       used 107083K, capacity 109677K, committed 109820K, reserved 1144832K
  class space    used 13941K, capacity 14947K, committed 14976K, reserved 1048576K
}

