# JRE version: OpenJDK Runtime Environment (11.0.11+9) (build 11.0.11+9-b60-7590822)
# Java VM: OpenJDK 64-Bit Server VM (11.0.11+9-b60-7590822, mixed mode, tiered, compressed oops, g1 gc, windows-amd64)
Heap:
 garbage-first heap   total 187392K, used 150713K [0x0000000080000000, 0x0000000100000000)
  region size 1024K, 39 young (39936K), 5 survivors (5120K)
 Metaspace       used 116121K, capacity 119500K, committed 119636K, reserved 1153024K
  class space    used 15157K, capacity 16468K, committed 16516K, reserved 1048576K
GC Heap History (20 events):
Event: 114.559 GC heap before
{Heap before GC invocations=34 (full 0):
 garbage-first heap   total 187392K, used 156658K [0x0000000080000000, 0x0000000100000000)
  region size 1024K, 48 young (49152K), 6 survivors (6144K)
 Metaspace       used 114018K, capacity 117109K, committed 117332K, reserved 1150976K
  class space    used 15013K, capacity 16225K, committed 16260K, reserved 1048576K
}
Event: 114.583 GC heap after
{Heap after GC invocations=35 (full 0):
 garbage-first heap   total 187392K, used 118719K [0x0000000080000000, 0x0000000100000000)
  region size 1024K, 5 young (5120K), 5 survivors (5120K)
 Metaspace       used 114018K, capacity 117109K, committed 117332K, reserved 1150976K
  class space    used 15013K, capacity 16225K, committed 16260K, reserved 1048576K
}
Event: 142.045 GC heap before
{Heap before GC invocations=36 (full 0):
 garbage-first heap   total 187392K, used 157631K [0x0000000080000000, 0x0000000100000000)
  region size 1024K, 43 young (44032K), 5 survivors (5120K)
 Metaspace       used 114320K, capacity 117429K, committed 117588K, reserved 1150976K
  class space    used 15014K, capacity 16225K, committed 16260K, reserved 1048576K
}
Event: 142.057 GC heap after
{Heap after GC invocations=37 (full 0):
 garbage-first heap   total 187392K, used 122188K [0x0000000080000000, 0x0000000100000000)
  region size 1024K, 5 young (5120K), 5 survivors (5120K)
 Metaspace       used 114320K, capacity 117429K, committed 117588K, reserved 1150976K
  class space    used 15014K, capacity 16225K, committed 16260K, reserved 1048576K
}
Event: 142.118 GC heap before
{Heap before GC invocations=37 (full 0):
 garbage-first heap   total 187392K, used 126284K [0x0000000080000000, 0x0000000100000000)
  region size 1024K, 9 young (9216K), 5 survivors (5120K)
 Metaspace       used 114364K, capacity 117503K, committed 117588K, reserved 1150976K
  class space    used 15015K, capacity 16227K, committed 16260K, reserved 1048576K
}
Event: 142.141 GC heap after
{Heap after GC invocations=38 (full 0):
 garbage-first heap   total 187392K, used 115900K [0x0000000080000000, 0x0000000100000000)
  region size 1024K, 2 young (2048K), 2 survivors (2048K)
 Metaspace       used 114364K, capacity 117503K, committed 117588K, reserved 1150976K
  class space    used 15015K, capacity 16227K, committed 16260K, reserved 1048576K
}
Event: 142.827 GC heap before
{Heap before GC invocations=38 (full 0):
 garbage-first heap   total 187392K, used 155836K [0x0000000080000000, 0x0000000100000000)
  region size 1024K, 42 young (43008K), 2 survivors (2048K)
 Metaspace       used 114581K, capacity 117715K, committed 117844K, reserved 1150976K
  class space    used 15025K, capacity 16245K, committed 16260K, reserved 1048576K
}
Event: 142.850 GC heap after
{Heap after GC invocations=39 (full 0):
 garbage-first heap   total 187392K, used 119545K [0x0000000080000000, 0x0000000100000000)
  region size 1024K, 5 young (5120K), 5 survivors (5120K)
 Metaspace       used 114581K, capacity 117715K, committed 117844K, reserved 1150976K
  class space    used 15025K, capacity 16245K, committed 16260K, reserved 1048576K
}
Event: 203.317 GC heap before
{Heap before GC invocations=40 (full 0):
 garbage-first heap   total 187392K, used 155385K [0x0000000080000000, 0x0000000100000000)
  region size 1024K, 42 young (43008K), 5 survivors (5120K)
 Metaspace       used 114790K, capacity 117977K, committed 118228K, reserved 1150976K
  class space    used 15036K, capacity 16265K, committed 16388K, reserved 1048576K
}
Event: 203.332 GC heap after
{Heap after GC invocations=41 (full 0):
 garbage-first heap   total 187392K, used 121369K [0x0000000080000000, 0x0000000100000000)
  region size 1024K, 4 young (4096K), 4 survivors (4096K)
 Metaspace       used 114790K, capacity 117977K, committed 118228K, reserved 1150976K
  class space    used 15036K, capacity 16265K, committed 16388K, reserved 1048576K
}
Event: 203.478 GC heap before
{Heap before GC invocations=41 (full 0):
 garbage-first heap   total 187392K, used 126489K [0x0000000080000000, 0x0000000100000000)
  region size 1024K, 9 young (9216K), 4 survivors (4096K)
 Metaspace       used 114827K, capacity 117989K, committed 118228K, reserved 1150976K
  class space    used 15037K, capacity 16267K, committed 16388K, reserved 1048576K
}
Event: 203.496 GC heap after
{Heap after GC invocations=42 (full 0):
 garbage-first heap   total 187392K, used 116830K [0x0000000080000000, 0x0000000100000000)
  region size 1024K, 2 young (2048K), 2 survivors (2048K)
 Metaspace       used 114827K, capacity 117989K, committed 118228K, reserved 1150976K
  class space    used 15037K, capacity 16267K, committed 16388K, reserved 1048576K
}
Event: 204.297 GC heap before
{Heap before GC invocations=42 (full 0):
 garbage-first heap   total 187392K, used 154718K [0x0000000080000000, 0x0000000100000000)
  region size 1024K, 40 young (40960K), 2 survivors (2048K)
 Metaspace       used 115057K, capacity 118293K, committed 118484K, reserved 1150976K
  class space    used 15054K, capacity 16297K, committed 16388K, reserved 1048576K
}
Event: 204.329 GC heap after
{Heap after GC invocations=43 (full 0):
 garbage-first heap   total 187392K, used 121063K [0x0000000080000000, 0x0000000100000000)
  region size 1024K, 5 young (5120K), 5 survivors (5120K)
 Metaspace       used 115057K, capacity 118293K, committed 118484K, reserved 1150976K
  class space    used 15054K, capacity 16297K, committed 16388K, reserved 1048576K
}
Event: 214.932 GC heap before
{Heap before GC invocations=44 (full 0):
 garbage-first heap   total 187392K, used 155879K [0x0000000080000000, 0x0000000100000000)
  region size 1024K, 40 young (40960K), 5 survivors (5120K)
 Metaspace       used 115670K, capacity 119071K, committed 119380K, reserved 1153024K
  class space    used 15135K, capacity 16448K, committed 16516K, reserved 1048576K
}
Event: 214.943 GC heap after
{Heap after GC invocations=45 (full 0):
 garbage-first heap   total 187392K, used 122766K [0x0000000080000000, 0x0000000100000000)
  region size 1024K, 2 young (2048K), 2 survivors (2048K)
 Metaspace       used 115670K, capacity 119071K, committed 119380K, reserved 1153024K
  class space    used 15135K, capacity 16448K, committed 16516K, reserved 1048576K
}
Event: 215.288 GC heap before
{Heap before GC invocations=45 (full 0):
 garbage-first heap   total 187392K, used 140174K [0x0000000080000000, 0x0000000100000000)
  region size 1024K, 9 young (9216K), 2 survivors (2048K)
 Metaspace       used 115786K, capacity 119283K, committed 119380K, reserved 1153024K
  class space    used 15138K, capacity 16451K, committed 16516K, reserved 1048576K
}
Event: 215.309 GC heap after
{Heap after GC invocations=46 (full 0):
 garbage-first heap   total 187392K, used 112515K [0x0000000080000000, 0x0000000100000000)
  region size 1024K, 1 young (1024K), 1 survivors (1024K)
 Metaspace       used 115786K, capacity 119283K, committed 119380K, reserved 1153024K
  class space    used 15138K, capacity 16451K, committed 16516K, reserved 1048576K
}
Event: 257.561 GC heap before
{Heap before GC invocations=46 (full 0):
 garbage-first heap   total 187392K, used 151427K [0x0000000080000000, 0x0000000100000000)
  region size 1024K, 40 young (40960K), 1 survivors (1024K)
 Metaspace       used 115946K, capacity 119369K, committed 119636K, reserved 1153024K
  class space    used 15140K, capacity 16455K, committed 16516K, reserved 1048576K
}
Event: 257.597 GC heap after
{Heap after GC invocations=47 (full 0):
 garbage-first heap   total 187392K, used 117945K [0x0000000080000000, 0x0000000100000000)
  region size 1024K, 5 young (5120K), 5 survivors (5120K)
 Metaspace       used 115946K, capacity 119369K, committed 119636K, reserved 1153024K
  class space    used 15140K, capacity 16455K, committed 16516K, reserved 1048576K
}

