# JRE version: OpenJDK Runtime Environment (11.0.11+9) (build 11.0.11+9-b60-7590822)
# Java VM: OpenJDK 64-Bit Server VM (11.0.11+9-b60-7590822, mixed mode, tiered, compressed oops, g1 gc, windows-amd64)
Heap:
 garbage-first heap   total 713728K, used 267755K [0x0000000080000000, 0x0000000100000000)
  region size 1024K, 3 young (3072K), 3 survivors (3072K)
 Metaspace       used 143439K, capacity 147676K, committed 147916K, reserved 1177600K
  class space    used 18236K, capacity 19771K, committed 19968K, reserved 1048576K
GC Heap History (20 events):
Event: 3706.819 GC heap after
{Heap after GC invocations=119 (full 0):
 garbage-first heap   total 234496K, used 194983K [0x0000000080000000, 0x0000000100000000)
  region size 1024K, 4 young (4096K), 4 survivors (4096K)
 Metaspace       used 142889K, capacity 147055K, committed 147404K, reserved 1177600K
  class space    used 18202K, capacity 19705K, committed 19968K, reserved 1048576K
}
Event: 3706.880 GC heap before
{Heap before GC invocations=119 (full 0):
 garbage-first heap   total 234496K, used 203175K [0x0000000080000000, 0x0000000100000000)
  region size 1024K, 13 young (13312K), 4 survivors (4096K)
 Metaspace       used 142889K, capacity 147055K, committed 147404K, reserved 1177600K
  class space    used 18202K, capacity 19705K, committed 19968K, reserved 1048576K
}
Event: 3706.890 GC heap after
{Heap after GC invocations=120 (full 0):
 garbage-first heap   total 234496K, used 199159K [0x0000000080000000, 0x0000000100000000)
  region size 1024K, 2 young (2048K), 2 survivors (2048K)
 Metaspace       used 142889K, capacity 147055K, committed 147404K, reserved 1177600K
  class space    used 18202K, capacity 19705K, committed 19968K, reserved 1048576K
}
Event: 3706.947 GC heap before
{Heap before GC invocations=120 (full 0):
 garbage-first heap   total 234496K, used 209399K [0x0000000080000000, 0x0000000100000000)
  region size 1024K, 11 young (11264K), 2 survivors (2048K)
 Metaspace       used 142889K, capacity 147055K, committed 147404K, reserved 1177600K
  class space    used 18202K, capacity 19705K, committed 19968K, reserved 1048576K
}
Event: 3706.957 GC heap after
{Heap after GC invocations=121 (full 0):
 garbage-first heap   total 234496K, used 203956K [0x0000000080000000, 0x0000000100000000)
  region size 1024K, 2 young (2048K), 2 survivors (2048K)
 Metaspace       used 142889K, capacity 147055K, committed 147404K, reserved 1177600K
  class space    used 18202K, capacity 19705K, committed 19968K, reserved 1048576K
}
Event: 3707.000 GC heap before
{Heap before GC invocations=122 (full 0):
 garbage-first heap   total 234496K, used 212148K [0x0000000080000000, 0x0000000100000000)
  region size 1024K, 11 young (11264K), 2 survivors (2048K)
 Metaspace       used 142893K, capacity 147055K, committed 147404K, reserved 1177600K
  class space    used 18202K, capacity 19705K, committed 19968K, reserved 1048576K
}
Event: 3707.009 GC heap after
{Heap after GC invocations=123 (full 0):
 garbage-first heap   total 234496K, used 207706K [0x0000000080000000, 0x0000000100000000)
  region size 1024K, 2 young (2048K), 2 survivors (2048K)
 Metaspace       used 142893K, capacity 147055K, committed 147404K, reserved 1177600K
  class space    used 18202K, capacity 19705K, committed 19968K, reserved 1048576K
}
Event: 3707.067 GC heap before
{Heap before GC invocations=123 (full 0):
 garbage-first heap   total 234496K, used 216922K [0x0000000080000000, 0x0000000100000000)
  region size 1024K, 11 young (11264K), 2 survivors (2048K)
 Metaspace       used 143034K, capacity 147171K, committed 147404K, reserved 1177600K
  class space    used 18214K, capacity 19742K, committed 19968K, reserved 1048576K
}
Event: 3707.079 GC heap after
{Heap after GC invocations=124 (full 0):
 garbage-first heap   total 234496K, used 212363K [0x0000000080000000, 0x0000000100000000)
  region size 1024K, 2 young (2048K), 2 survivors (2048K)
 Metaspace       used 143034K, capacity 147171K, committed 147404K, reserved 1177600K
  class space    used 18214K, capacity 19742K, committed 19968K, reserved 1048576K
}
Event: 3707.124 GC heap before
{Heap before GC invocations=124 (full 0):
 garbage-first heap   total 234496K, used 221579K [0x0000000080000000, 0x0000000100000000)
  region size 1024K, 11 young (11264K), 2 survivors (2048K)
 Metaspace       used 143118K, capacity 147311K, committed 147660K, reserved 1177600K
  class space    used 18219K, capacity 19745K, committed 19968K, reserved 1048576K
}
Event: 3707.134 GC heap after
{Heap after GC invocations=125 (full 0):
 garbage-first heap   total 234496K, used 217205K [0x0000000080000000, 0x0000000100000000)
  region size 1024K, 2 young (2048K), 2 survivors (2048K)
 Metaspace       used 143118K, capacity 147311K, committed 147660K, reserved 1177600K
  class space    used 18219K, capacity 19745K, committed 19968K, reserved 1048576K
}
Event: 3707.181 GC heap before
{Heap before GC invocations=125 (full 0):
 garbage-first heap   total 234496K, used 225397K [0x0000000080000000, 0x0000000100000000)
  region size 1024K, 11 young (11264K), 2 survivors (2048K)
 Metaspace       used 143156K, capacity 147313K, committed 147660K, reserved 1177600K
  class space    used 18219K, capacity 19745K, committed 19968K, reserved 1048576K
}
Event: 3707.190 GC heap after
{Heap after GC invocations=126 (full 0):
 garbage-first heap   total 345088K, used 222208K [0x0000000080000000, 0x0000000100000000)
  region size 1024K, 2 young (2048K), 2 survivors (2048K)
 Metaspace       used 143156K, capacity 147313K, committed 147660K, reserved 1177600K
  class space    used 18219K, capacity 19745K, committed 19968K, reserved 1048576K
}
Event: 3707.361 GC heap before
{Heap before GC invocations=126 (full 0):
 garbage-first heap   total 345088K, used 253952K [0x0000000080000000, 0x0000000100000000)
  region size 1024K, 34 young (34816K), 2 survivors (2048K)
 Metaspace       used 143186K, capacity 147315K, committed 147660K, reserved 1177600K
  class space    used 18219K, capacity 19745K, committed 19968K, reserved 1048576K
}
Event: 3707.377 GC heap after
{Heap after GC invocations=127 (full 0):
 garbage-first heap   total 345088K, used 238720K [0x0000000080000000, 0x0000000100000000)
  region size 1024K, 5 young (5120K), 5 survivors (5120K)
 Metaspace       used 143186K, capacity 147315K, committed 147660K, reserved 1177600K
  class space    used 18219K, capacity 19745K, committed 19968K, reserved 1048576K
}
Event: 3707.585 GC heap before
{Heap before GC invocations=127 (full 0):
 garbage-first heap   total 345088K, used 265344K [0x0000000080000000, 0x0000000100000000)
  region size 1024K, 32 young (32768K), 5 survivors (5120K)
 Metaspace       used 143233K, capacity 147379K, committed 147660K, reserved 1177600K
  class space    used 18219K, capacity 19745K, committed 19968K, reserved 1048576K
}
Event: 3707.608 GC heap after
{Heap after GC invocations=128 (full 0):
 garbage-first heap   total 345088K, used 253456K [0x0000000080000000, 0x0000000100000000)
  region size 1024K, 4 young (4096K), 4 survivors (4096K)
 Metaspace       used 143233K, capacity 147379K, committed 147660K, reserved 1177600K
  class space    used 18219K, capacity 19745K, committed 19968K, reserved 1048576K
}
Event: 3707.774 GC heap before
{Heap before GC invocations=129 (full 0):
 garbage-first heap   total 345088K, used 277008K [0x0000000080000000, 0x0000000100000000)
  region size 1024K, 27 young (27648K), 4 survivors (4096K)
 Metaspace       used 143323K, capacity 147542K, committed 147916K, reserved 1177600K
  class space    used 18227K, capacity 19754K, committed 19968K, reserved 1048576K
}
Event: 3707.793 GC heap after
{Heap after GC invocations=130 (full 0):
 garbage-first heap   total 345088K, used 263507K [0x0000000080000000, 0x0000000100000000)
  region size 1024K, 4 young (4096K), 4 survivors (4096K)
 Metaspace       used 143323K, capacity 147542K, committed 147916K, reserved 1177600K
  class space    used 18227K, capacity 19754K, committed 19968K, reserved 1048576K
}
Event: 3707.934 GC heap before
{Heap before GC invocations=130 (full 0):
 garbage-first heap   total 345088K, used 282963K [0x0000000080000000, 0x0000000100000000)
  region size 1024K, 23 young (23552K), 4 survivors (4096K)
 Metaspace       used 143439K, capacity 147676K, committed 147916K, reserved 1177600K
  class space    used 18236K, capacity 19771K, committed 19968K, reserved 1048576K
}

