# JRE version: OpenJDK Runtime Environment (11.0.11+9) (build 11.0.11+9-b60-7590822)
# Java VM: OpenJDK 64-Bit Server VM (11.0.11+9-b60-7590822, mixed mode, tiered, compressed oops, g1 gc, windows-amd64)
Heap:
 garbage-first heap   total 225280K, used 121894K [0x0000000080000000, 0x0000000100000000)
  region size 1024K, 33 young (33792K), 10 survivors (10240K)
 Metaspace       used 95220K, capacity 97713K, committed 97920K, reserved 1134592K
  class space    used 12480K, capacity 13486K, committed 13516K, reserved 1048576K
GC Heap History (20 events):
Event: 7.296 GC heap before
{Heap before GC invocations=12 (full 0):
 garbage-first heap   total 187392K, used 86531K [0x0000000080000000, 0x0000000100000000)
  region size 1024K, 46 young (47104K), 12 survivors (12288K)
 Metaspace       used 58671K, capacity 60116K, committed 60288K, reserved 1101824K
  class space    used 7477K, capacity 8054K, committed 8140K, reserved 1048576K
}
Event: 7.311 GC heap after
{Heap after GC invocations=13 (full 0):
 garbage-first heap   total 187392K, used 55514K [0x0000000080000000, 0x0000000100000000)
  region size 1024K, 3 young (3072K), 3 survivors (3072K)
 Metaspace       used 58671K, capacity 60116K, committed 60288K, reserved 1101824K
  class space    used 7477K, capacity 8054K, committed 8140K, reserved 1048576K
}
Event: 8.282 GC heap before
{Heap before GC invocations=14 (full 0):
 garbage-first heap   total 187392K, used 120026K [0x0000000080000000, 0x0000000100000000)
  region size 1024K, 66 young (67584K), 3 survivors (3072K)
 Metaspace       used 65014K, capacity 66456K, committed 66688K, reserved 1107968K
  class space    used 8267K, capacity 8813K, committed 8908K, reserved 1048576K
}
Event: 8.289 GC heap after
{Heap after GC invocations=15 (full 0):
 garbage-first heap   total 187392K, used 59717K [0x0000000080000000, 0x0000000100000000)
  region size 1024K, 7 young (7168K), 7 survivors (7168K)
 Metaspace       used 65014K, capacity 66456K, committed 66688K, reserved 1107968K
  class space    used 8267K, capacity 8813K, committed 8908K, reserved 1048576K
}
Event: 8.984 GC heap before
{Heap before GC invocations=15 (full 0):
 garbage-first heap   total 187392K, used 126277K [0x0000000080000000, 0x0000000100000000)
  region size 1024K, 72 young (73728K), 7 survivors (7168K)
 Metaspace       used 67592K, capacity 69142K, committed 69376K, reserved 1110016K
  class space    used 8582K, capacity 9190K, committed 9292K, reserved 1048576K
}
Event: 8.994 GC heap after
{Heap after GC invocations=16 (full 0):
 garbage-first heap   total 187392K, used 65012K [0x0000000080000000, 0x0000000100000000)
  region size 1024K, 6 young (6144K), 6 survivors (6144K)
 Metaspace       used 67592K, capacity 69142K, committed 69376K, reserved 1110016K
  class space    used 8582K, capacity 9190K, committed 9292K, reserved 1048576K
}
Event: 10.020 GC heap before
{Heap before GC invocations=16 (full 0):
 garbage-first heap   total 187392K, used 131572K [0x0000000080000000, 0x0000000100000000)
  region size 1024K, 71 young (72704K), 6 survivors (6144K)
 Metaspace       used 74756K, capacity 76392K, committed 76672K, reserved 1116160K
  class space    used 9708K, capacity 10361K, committed 10444K, reserved 1048576K
}
Event: 10.027 GC heap after
{Heap after GC invocations=17 (full 0):
 garbage-first heap   total 187392K, used 69492K [0x0000000080000000, 0x0000000100000000)
  region size 1024K, 5 young (5120K), 5 survivors (5120K)
 Metaspace       used 74756K, capacity 76392K, committed 76672K, reserved 1116160K
  class space    used 9708K, capacity 10361K, committed 10444K, reserved 1048576K
}
Event: 10.947 GC heap before
{Heap before GC invocations=17 (full 0):
 garbage-first heap   total 187392K, used 137076K [0x0000000080000000, 0x0000000100000000)
  region size 1024K, 71 young (72704K), 5 survivors (5120K)
 Metaspace       used 81692K, capacity 83411K, committed 83584K, reserved 1122304K
  class space    used 10645K, capacity 11333K, committed 11468K, reserved 1048576K
}
Event: 10.954 GC heap after
{Heap after GC invocations=18 (full 0):
 garbage-first heap   total 187392K, used 73299K [0x0000000080000000, 0x0000000100000000)
  region size 1024K, 9 young (9216K), 9 survivors (9216K)
 Metaspace       used 81692K, capacity 83411K, committed 83584K, reserved 1122304K
  class space    used 10645K, capacity 11333K, committed 11468K, reserved 1048576K
}
Event: 11.793 GC heap before
{Heap before GC invocations=18 (full 0):
 garbage-first heap   total 187392K, used 139859K [0x0000000080000000, 0x0000000100000000)
  region size 1024K, 75 young (76800K), 9 survivors (9216K)
 Metaspace       used 85221K, capacity 87410K, committed 87552K, reserved 1124352K
  class space    used 11214K, capacity 12084K, committed 12108K, reserved 1048576K
}
Event: 11.807 GC heap after
{Heap after GC invocations=19 (full 0):
 garbage-first heap   total 187392K, used 80088K [0x0000000080000000, 0x0000000100000000)
  region size 1024K, 10 young (10240K), 10 survivors (10240K)
 Metaspace       used 85221K, capacity 87410K, committed 87552K, reserved 1124352K
  class space    used 11214K, capacity 12084K, committed 12108K, reserved 1048576K
}
Event: 12.209 GC heap before
{Heap before GC invocations=19 (full 0):
 garbage-first heap   total 187392K, used 142552K [0x0000000080000000, 0x0000000100000000)
  region size 1024K, 72 young (73728K), 10 survivors (10240K)
 Metaspace       used 85732K, capacity 87946K, committed 88064K, reserved 1126400K
  class space    used 11233K, capacity 12098K, committed 12108K, reserved 1048576K
}
Event: 12.223 GC heap after
{Heap after GC invocations=20 (full 0):
 garbage-first heap   total 225280K, used 86208K [0x0000000080000000, 0x0000000100000000)
  region size 1024K, 7 young (7168K), 7 survivors (7168K)
 Metaspace       used 85732K, capacity 87946K, committed 88064K, reserved 1126400K
  class space    used 11233K, capacity 12098K, committed 12108K, reserved 1048576K
}
Event: 12.832 GC heap before
{Heap before GC invocations=20 (full 0):
 garbage-first heap   total 225280K, used 165056K [0x0000000080000000, 0x0000000100000000)
  region size 1024K, 85 young (87040K), 7 survivors (7168K)
 Metaspace       used 86751K, capacity 88955K, committed 89216K, reserved 1126400K
  class space    used 11343K, capacity 12190K, committed 12236K, reserved 1048576K
}
Event: 12.841 GC heap after
{Heap after GC invocations=21 (full 0):
 garbage-first heap   total 225280K, used 91021K [0x0000000080000000, 0x0000000100000000)
  region size 1024K, 8 young (8192K), 8 survivors (8192K)
 Metaspace       used 86751K, capacity 88955K, committed 89216K, reserved 1126400K
  class space    used 11343K, capacity 12190K, committed 12236K, reserved 1048576K
}
Event: 13.529 GC heap before
{Heap before GC invocations=21 (full 0):
 garbage-first heap   total 225280K, used 169869K [0x0000000080000000, 0x0000000100000000)
  region size 1024K, 85 young (87040K), 8 survivors (8192K)
 Metaspace       used 91875K, capacity 94107K, committed 94208K, reserved 1130496K
  class space    used 11985K, capacity 12862K, committed 12876K, reserved 1048576K
}
Event: 13.538 GC heap after
{Heap after GC invocations=22 (full 0):
 garbage-first heap   total 225280K, used 95511K [0x0000000080000000, 0x0000000100000000)
  region size 1024K, 5 young (5120K), 5 survivors (5120K)
 Metaspace       used 91875K, capacity 94107K, committed 94208K, reserved 1130496K
  class space    used 11985K, capacity 12862K, committed 12876K, reserved 1048576K
}
Event: 14.254 GC heap before
{Heap before GC invocations=22 (full 0):
 garbage-first heap   total 225280K, used 174359K [0x0000000080000000, 0x0000000100000000)
  region size 1024K, 83 young (84992K), 5 survivors (5120K)
 Metaspace       used 94035K, capacity 96427K, committed 96640K, reserved 1132544K
  class space    used 12279K, capacity 13247K, committed 13260K, reserved 1048576K
}
Event: 14.265 GC heap after
{Heap after GC invocations=23 (full 0):
 garbage-first heap   total 225280K, used 100390K [0x0000000080000000, 0x0000000100000000)
  region size 1024K, 10 young (10240K), 10 survivors (10240K)
 Metaspace       used 94035K, capacity 96427K, committed 96640K, reserved 1132544K
  class space    used 12279K, capacity 13247K, committed 13260K, reserved 1048576K
}

