# JRE version: OpenJDK Runtime Environment (11.0.11+9) (build 11.0.11+9-b60-7590822)
# Java VM: OpenJDK 64-Bit Server VM (11.0.11+9-b60-7590822, mixed mode, tiered, compressed oops, g1 gc, windows-amd64)
Heap:
 garbage-first heap   total 229376K, used 165245K [0x0000000080000000, 0x0000000100000000)
  region size 1024K, 14 young (14336K), 1 survivors (1024K)
 Metaspace       used 117622K, capacity 121239K, committed 121260K, reserved 1155072K
  class space    used 15052K, capacity 16381K, committed 16384K, reserved 1048576K
GC Heap History (20 events):
Event: 47.998 GC heap before
{Heap before GC invocations=57 (full 0):
 garbage-first heap   total 225280K, used 158881K [0x0000000080000000, 0x0000000100000000)
  region size 1024K, 11 young (11264K), 5 survivors (5120K)
 Metaspace       used 110653K, capacity 113668K, committed 113836K, reserved 1148928K
  class space    used 14130K, capacity 15267K, committed 15360K, reserved 1048576K
}
Event: 48.004 GC heap after
{Heap after GC invocations=58 (full 0):
 garbage-first heap   total 225280K, used 150461K [0x0000000080000000, 0x0000000100000000)
  region size 1024K, 2 young (2048K), 2 survivors (2048K)
 Metaspace       used 110653K, capacity 113668K, committed 113836K, reserved 1148928K
  class space    used 14130K, capacity 15267K, committed 15360K, reserved 1048576K
}
Event: 49.401 GC heap before
{Heap before GC invocations=58 (full 0):
 garbage-first heap   total 225280K, used 189373K [0x0000000080000000, 0x0000000100000000)
  region size 1024K, 41 young (41984K), 2 survivors (2048K)
 Metaspace       used 111160K, capacity 114129K, committed 114348K, reserved 1148928K
  class space    used 14189K, capacity 15313K, committed 15360K, reserved 1048576K
}
Event: 49.406 GC heap after
{Heap after GC invocations=59 (full 0):
 garbage-first heap   total 225280K, used 152843K [0x0000000080000000, 0x0000000100000000)
  region size 1024K, 4 young (4096K), 4 survivors (4096K)
 Metaspace       used 111160K, capacity 114129K, committed 114348K, reserved 1148928K
  class space    used 14189K, capacity 15313K, committed 15360K, reserved 1048576K
}
Event: 49.616 GC heap before
{Heap before GC invocations=60 (full 0):
 garbage-first heap   total 225280K, used 190731K [0x0000000080000000, 0x0000000100000000)
  region size 1024K, 42 young (43008K), 4 survivors (4096K)
 Metaspace       used 111646K, capacity 114707K, committed 114988K, reserved 1148928K
  class space    used 14236K, capacity 15377K, committed 15488K, reserved 1048576K
}
Event: 49.622 GC heap after
{Heap after GC invocations=61 (full 0):
 garbage-first heap   total 225280K, used 158109K [0x0000000080000000, 0x0000000100000000)
  region size 1024K, 6 young (6144K), 6 survivors (6144K)
 Metaspace       used 111646K, capacity 114707K, committed 114988K, reserved 1148928K
  class space    used 14236K, capacity 15377K, committed 15488K, reserved 1048576K
}
Event: 49.676 GC heap before
{Heap before GC invocations=61 (full 0):
 garbage-first heap   total 225280K, used 163229K [0x0000000080000000, 0x0000000100000000)
  region size 1024K, 11 young (11264K), 6 survivors (6144K)
 Metaspace       used 111884K, capacity 114875K, committed 114988K, reserved 1148928K
  class space    used 14271K, capacity 15410K, committed 15488K, reserved 1048576K
}
Event: 49.681 GC heap after
{Heap after GC invocations=62 (full 0):
 garbage-first heap   total 225280K, used 155321K [0x0000000080000000, 0x0000000100000000)
  region size 1024K, 1 young (1024K), 1 survivors (1024K)
 Metaspace       used 111884K, capacity 114875K, committed 114988K, reserved 1148928K
  class space    used 14271K, capacity 15410K, committed 15488K, reserved 1048576K
}
Event: 49.848 GC heap before
{Heap before GC invocations=62 (full 0):
 garbage-first heap   total 225280K, used 190137K [0x0000000080000000, 0x0000000100000000)
  region size 1024K, 36 young (36864K), 1 survivors (1024K)
 Metaspace       used 112108K, capacity 115173K, committed 115244K, reserved 1148928K
  class space    used 14297K, capacity 15421K, committed 15488K, reserved 1048576K
}
Event: 49.852 GC heap after
{Heap after GC invocations=63 (full 0):
 garbage-first heap   total 225280K, used 157693K [0x0000000080000000, 0x0000000100000000)
  region size 1024K, 4 young (4096K), 4 survivors (4096K)
 Metaspace       used 112108K, capacity 115173K, committed 115244K, reserved 1148928K
  class space    used 14297K, capacity 15421K, committed 15488K, reserved 1048576K
}
Event: 147.072 GC heap before
{Heap before GC invocations=64 (full 0):
 garbage-first heap   total 225280K, used 221181K [0x0000000080000000, 0x0000000100000000)
  region size 1024K, 37 young (37888K), 4 survivors (4096K)
 Metaspace       used 114388K, capacity 117501K, committed 117676K, reserved 1150976K
  class space    used 14589K, capacity 15751K, committed 15872K, reserved 1048576K
}
Event: 147.078 GC heap after
{Heap after GC invocations=65 (full 0):
 garbage-first heap   total 229376K, used 160033K [0x0000000080000000, 0x0000000100000000)
  region size 1024K, 3 young (3072K), 3 survivors (3072K)
 Metaspace       used 114388K, capacity 117501K, committed 117676K, reserved 1150976K
  class space    used 14589K, capacity 15751K, committed 15872K, reserved 1048576K
}
Event: 147.115 GC heap before
{Heap before GC invocations=65 (full 0):
 garbage-first heap   total 229376K, used 167201K [0x0000000080000000, 0x0000000100000000)
  region size 1024K, 11 young (11264K), 3 survivors (3072K)
 Metaspace       used 114401K, capacity 117501K, committed 117676K, reserved 1150976K
  class space    used 14589K, capacity 15751K, committed 15872K, reserved 1048576K
}
Event: 147.119 GC heap after
{Heap after GC invocations=66 (full 0):
 garbage-first heap   total 229376K, used 159272K [0x0000000080000000, 0x0000000100000000)
  region size 1024K, 1 young (1024K), 1 survivors (1024K)
 Metaspace       used 114401K, capacity 117501K, committed 117676K, reserved 1150976K
  class space    used 14589K, capacity 15751K, committed 15872K, reserved 1048576K
}
Event: 147.397 GC heap before
{Heap before GC invocations=66 (full 0):
 garbage-first heap   total 229376K, used 194088K [0x0000000080000000, 0x0000000100000000)
  region size 1024K, 36 young (36864K), 1 survivors (1024K)
 Metaspace       used 114676K, capacity 117822K, committed 117932K, reserved 1150976K
  class space    used 14595K, capacity 15762K, committed 15872K, reserved 1048576K
}
Event: 147.410 GC heap after
{Heap after GC invocations=67 (full 0):
 garbage-first heap   total 229376K, used 163998K [0x0000000080000000, 0x0000000100000000)
  region size 1024K, 5 young (5120K), 5 survivors (5120K)
 Metaspace       used 114676K, capacity 117822K, committed 117932K, reserved 1150976K
  class space    used 14595K, capacity 15762K, committed 15872K, reserved 1048576K
}
Event: 147.754 GC heap before
{Heap before GC invocations=68 (full 0):
 garbage-first heap   total 229376K, used 194718K [0x0000000080000000, 0x0000000100000000)
  region size 1024K, 35 young (35840K), 5 survivors (5120K)
 Metaspace       used 115703K, capacity 119030K, committed 119084K, reserved 1153024K
  class space    used 14748K, capacity 15974K, committed 16000K, reserved 1048576K
}
Event: 147.759 GC heap after
{Heap after GC invocations=69 (full 0):
 garbage-first heap   total 229376K, used 166047K [0x0000000080000000, 0x0000000100000000)
  region size 1024K, 3 young (3072K), 3 survivors (3072K)
 Metaspace       used 115703K, capacity 119030K, committed 119084K, reserved 1153024K
  class space    used 14748K, capacity 15974K, committed 16000K, reserved 1048576K
}
Event: 147.813 GC heap before
{Heap before GC invocations=69 (full 0):
 garbage-first heap   total 229376K, used 173215K [0x0000000080000000, 0x0000000100000000)
  region size 1024K, 11 young (11264K), 3 survivors (3072K)
 Metaspace       used 115972K, capacity 119344K, committed 119468K, reserved 1153024K
  class space    used 14780K, capacity 16022K, committed 16128K, reserved 1048576K
}
Event: 147.824 GC heap after
{Heap after GC invocations=70 (full 0):
 garbage-first heap   total 229376K, used 153981K [0x0000000080000000, 0x0000000100000000)
  region size 1024K, 1 young (1024K), 1 survivors (1024K)
 Metaspace       used 115972K, capacity 119344K, committed 119468K, reserved 1153024K
  class space    used 14780K, capacity 16022K, committed 16128K, reserved 1048576K
}

