# JRE version: OpenJDK Runtime Environment (11.0.11+9) (build 11.0.11+9-b60-7590822)
# Java VM: OpenJDK 64-Bit Server VM (11.0.11+9-b60-7590822, mixed mode, tiered, compressed oops, g1 gc, windows-amd64)
Heap:
 garbage-first heap   total 192512K, used 65024K [0x0000000083000000, 0x0000000100000000)
  region size 1024K, 20 young (20480K), 7 survivors (7168K)
 Metaspace       used 65688K, capacity 66591K, committed 66716K, reserved 1107968K
  class space    used 7552K, capacity 7890K, committed 7916K, reserved 1048576K
GC Heap History (20 events):
Event: 0.538 GC heap before
{Heap before GC invocations=0 (full 0):
 garbage-first heap   total 129024K, used 27648K [0x0000000083000000, 0x0000000100000000)
  region size 1024K, 24 young (24576K), 0 survivors (0K)
 Metaspace       used 12365K, capacity 12504K, committed 12800K, reserved 1060864K
  class space    used 1165K, capacity 1207K, committed 1280K, reserved 1048576K
}
Event: 0.542 GC heap after
{Heap after GC invocations=1 (full 0):
 garbage-first heap   total 129024K, used 5903K [0x0000000083000000, 0x0000000100000000)
  region size 1024K, 3 young (3072K), 3 survivors (3072K)
 Metaspace       used 12365K, capacity 12504K, committed 12800K, reserved 1060864K
  class space    used 1165K, capacity 1207K, committed 1280K, reserved 1048576K
}
Event: 1.157 GC heap before
{Heap before GC invocations=1 (full 0):
 garbage-first heap   total 129024K, used 41743K [0x0000000083000000, 0x0000000100000000)
  region size 1024K, 39 young (39936K), 3 survivors (3072K)
 Metaspace       used 20854K, capacity 21107K, committed 21296K, reserved 1069056K
  class space    used 2226K, capacity 2319K, committed 2432K, reserved 1048576K
}
Event: 1.168 GC heap after
{Heap after GC invocations=2 (full 0):
 garbage-first heap   total 129024K, used 9216K [0x0000000083000000, 0x0000000100000000)
  region size 1024K, 6 young (6144K), 6 survivors (6144K)
 Metaspace       used 20854K, capacity 21107K, committed 21296K, reserved 1069056K
  class space    used 2226K, capacity 2319K, committed 2432K, reserved 1048576K
}
Event: 2.126 GC heap before
{Heap before GC invocations=3 (full 0):
 garbage-first heap   total 129024K, used 64512K [0x0000000083000000, 0x0000000100000000)
  region size 1024K, 55 young (56320K), 6 survivors (6144K)
 Metaspace       used 32534K, capacity 33046K, committed 33328K, reserved 1079296K
  class space    used 4134K, capacity 4353K, committed 4480K, reserved 1048576K
}
Event: 2.145 GC heap after
{Heap after GC invocations=4 (full 0):
 garbage-first heap   total 129024K, used 20285K [0x0000000083000000, 0x0000000100000000)
  region size 1024K, 7 young (7168K), 7 survivors (7168K)
 Metaspace       used 32534K, capacity 33046K, committed 33328K, reserved 1079296K
  class space    used 4134K, capacity 4353K, committed 4480K, reserved 1048576K
}
Event: 2.184 GC heap before
{Heap before GC invocations=4 (full 0):
 garbage-first heap   total 129024K, used 22333K [0x0000000083000000, 0x0000000100000000)
  region size 1024K, 9 young (9216K), 7 survivors (7168K)
 Metaspace       used 33028K, capacity 33496K, committed 33584K, reserved 1079296K
  class space    used 4198K, capacity 4418K, committed 4480K, reserved 1048576K
}
Event: 2.195 GC heap after
{Heap after GC invocations=5 (full 0):
 garbage-first heap   total 129024K, used 21399K [0x0000000083000000, 0x0000000100000000)
  region size 1024K, 1 young (1024K), 1 survivors (1024K)
 Metaspace       used 33028K, capacity 33496K, committed 33584K, reserved 1079296K
  class space    used 4198K, capacity 4418K, committed 4480K, reserved 1048576K
}
Event: 2.381 GC heap before
{Heap before GC invocations=5 (full 0):
 garbage-first heap   total 129024K, used 30615K [0x0000000083000000, 0x0000000100000000)
  region size 1024K, 11 young (11264K), 1 survivors (1024K)
 Metaspace       used 35263K, capacity 35768K, committed 35888K, reserved 1081344K
  class space    used 4437K, capacity 4642K, committed 4736K, reserved 1048576K
}
Event: 2.386 GC heap after
{Heap after GC invocations=6 (full 0):
 garbage-first heap   total 155648K, used 21383K [0x0000000083000000, 0x0000000100000000)
  region size 1024K, 1 young (1024K), 1 survivors (1024K)
 Metaspace       used 35263K, capacity 35768K, committed 35888K, reserved 1081344K
  class space    used 4437K, capacity 4642K, committed 4736K, reserved 1048576K
}
Event: 3.491 GC heap before
{Heap before GC invocations=7 (full 0):
 garbage-first heap   total 155648K, used 76679K [0x0000000083000000, 0x0000000100000000)
  region size 1024K, 55 young (56320K), 1 survivors (1024K)
 Metaspace       used 46634K, capacity 47226K, committed 47536K, reserved 1091584K
  class space    used 5591K, capacity 5809K, committed 5888K, reserved 1048576K
}
Event: 3.503 GC heap after
{Heap after GC invocations=8 (full 0):
 garbage-first heap   total 155648K, used 24275K [0x0000000083000000, 0x0000000100000000)
  region size 1024K, 6 young (6144K), 6 survivors (6144K)
 Metaspace       used 46634K, capacity 47226K, committed 47536K, reserved 1091584K
  class space    used 5591K, capacity 5809K, committed 5888K, reserved 1048576K
}
Event: 4.468 GC heap before
{Heap before GC invocations=8 (full 0):
 garbage-first heap   total 155648K, used 86739K [0x0000000083000000, 0x0000000100000000)
  region size 1024K, 64 young (65536K), 6 survivors (6144K)
 Metaspace       used 52535K, capacity 53201K, committed 53296K, reserved 1095680K
  class space    used 6189K, capacity 6471K, committed 6528K, reserved 1048576K
}
Event: 4.487 GC heap after
{Heap after GC invocations=9 (full 0):
 garbage-first heap   total 155648K, used 34276K [0x0000000083000000, 0x0000000100000000)
  region size 1024K, 8 young (8192K), 8 survivors (8192K)
 Metaspace       used 52535K, capacity 53201K, committed 53296K, reserved 1095680K
  class space    used 6189K, capacity 6471K, committed 6528K, reserved 1048576K
}
Event: 5.532 GC heap before
{Heap before GC invocations=9 (full 0):
 garbage-first heap   total 155648K, used 93668K [0x0000000083000000, 0x0000000100000000)
  region size 1024K, 66 young (67584K), 8 survivors (8192K)
 Metaspace       used 55553K, capacity 56267K, committed 56624K, reserved 1099776K
  class space    used 6394K, capacity 6682K, committed 6784K, reserved 1048576K
}
Event: 5.554 GC heap after
{Heap after GC invocations=10 (full 0):
 garbage-first heap   total 155648K, used 43298K [0x0000000083000000, 0x0000000100000000)
  region size 1024K, 9 young (9216K), 9 survivors (9216K)
 Metaspace       used 55553K, capacity 56267K, committed 56624K, reserved 1099776K
  class space    used 6394K, capacity 6682K, committed 6784K, reserved 1048576K
}
Event: 5.939 GC heap before
{Heap before GC invocations=10 (full 0):
 garbage-first heap   total 155648K, used 65826K [0x0000000083000000, 0x0000000100000000)
  region size 1024K, 32 young (32768K), 9 survivors (9216K)
 Metaspace       used 59451K, capacity 60197K, committed 60208K, reserved 1101824K
  class space    used 6962K, capacity 7291K, committed 7296K, reserved 1048576K
}
Event: 5.955 GC heap after
{Heap after GC invocations=11 (full 0):
 garbage-first heap   total 155648K, used 45989K [0x0000000083000000, 0x0000000100000000)
  region size 1024K, 3 young (3072K), 3 survivors (3072K)
 Metaspace       used 59451K, capacity 60197K, committed 60208K, reserved 1101824K
  class space    used 6962K, capacity 7291K, committed 7296K, reserved 1048576K
}
Event: 7.479 GC heap before
{Heap before GC invocations=12 (full 0):
 garbage-first heap   total 155648K, used 96165K [0x0000000083000000, 0x0000000100000000)
  region size 1024K, 52 young (53248K), 3 survivors (3072K)
 Metaspace       used 64962K, capacity 65848K, committed 65948K, reserved 1107968K
  class space    used 7536K, capacity 7882K, committed 7916K, reserved 1048576K
}
Event: 7.498 GC heap after
{Heap after GC invocations=13 (full 0):
 garbage-first heap   total 192512K, used 52736K [0x0000000083000000, 0x0000000100000000)
  region size 1024K, 7 young (7168K), 7 survivors (7168K)
 Metaspace       used 64962K, capacity 65848K, committed 65948K, reserved 1107968K
  class space    used 7536K, capacity 7882K, committed 7916K, reserved 1048576K
}

